\o Program:		@(#)$CDS: libManager version 6.1.6 - CAT33 07/09/2015 16:04 (sjfnl733) $
\o Sub version:		sub-version  s018 
\o Arguments:		-mpssession virtuoso30138 -mpshost xunil-03.coe.drexel.edu 
\o Working Directory:	xunil-03.coe.drexel.edu:/home/njs82@drexel.edu/ECEC472/NCSU_FreePDK45
\o 64-bit offsets
\o Qt version: 		4.7.2
\o Log file is "/home/njs82@drexel.edu/ECEC472/NCSU_FreePDK45/libManager.log".
\o Opening libManager window.
\a nrSetCurrentWindow(cdsLibManager)
\a nrResizeWindow(cdsLibManager list(275 72 1519 747))
\o changeWorkingDir("/home/njs82@drexel.edu/ECEC472/NCSU_FreePDK45") unnecessary.
\o ddSetForcedLib("") unnecessary.
\o MPS service: map window
\o Library Manager customization server connected.
\a nrSetCurrentWindow(cdsLibManager)
\a cdsLibManager->libListBox->value = "ECEC472_Lib"
\a cdsLibManager->libLineEdit->value = "ECEC472_Lib"
\a cdsLibManager->cellListBox->value = "ring_counter"
\a cdsLibManager->cellListBox->value = "gil_cell_mixer"
\a cdsLibManager->cellLineEdit->value = "gil_cell_mixer"
\a cdsLibManager->viewListBox->value = "schematic"
\a cdsLibManager->viewLineEdit->value = "schematic"
\o MPS request: edit design
\a nrListItemAction(cdsLibManager->gdmXTView 1 0)
\a cdsLibManager->libListBox->value = nil
\a cdsLibManager->cellListBox->value = nil
\a cdsLibManager->viewLineEdit->value = ""
\a cdsLibManager->viewListBox->value = nil
\a cdsLibManager->cellLineEdit->value = ""
\a cdsLibManager->libLineEdit->value = ""
\a cdsLibManager->libListBox->value = "ECEC472_Lib"
\a cdsLibManager->libLineEdit->value = "ECEC472_Lib"
\a cdsLibManager->cellListBox->value = "gil_cell_mixer"
\a cdsLibManager->cellLineEdit->value = "gil_cell_mixer"
\a cdsLibManager->viewListBox->value = "schematic"
\a cdsLibManager->viewLineEdit->value = "schematic"
\a cdsLibManager->viewLineEdit->value = ""
\a cdsLibManager->viewListBox->value = nil
\a cdsLibManager->viewListBox->value = "schematic"
\a cdsLibManager->viewLineEdit->value = "schematic"
\a nrSetCurrentWindow(cdsLibManager)
\a cdsLibManager->cellListBox->value = nil
\a cdsLibManager->viewLineEdit->value = ""
\a cdsLibManager->viewListBox->value = nil
\a cdsLibManager->cellLineEdit->value = ""
\a cdsLibManager->FileNewCVButton->value = t
\a nrSetCurrentWindow(cdsLibManager)
\a nrSetCurrentWindow(cdsLibManager)
\a cdsLibManager->cellListBox->value = "QGCM"
\a cdsLibManager->libListBox->value = nil
\a cdsLibManager->cellListBox->value = nil
\a cdsLibManager->libLineEdit->value = ""
\a cdsLibManager->libListBox->value = "ECEC472_Lib"
\a cdsLibManager->libLineEdit->value = "ECEC472_Lib"
\o DB was auto refreshed.
\a cdsLibManager->cellListBox->value = "gated_sr_latch"
\a cdsLibManager->viewListBox->value = "schematic"
\a cdsLibManager->viewLineEdit->value = "schematic"
\a cdsLibManager->viewLineEdit->value = ""
\a cdsLibManager->viewListBox->value = nil
\a lmgrLogShowPopup("mainListPopup1" 36 8 2 "gated_sr_latch")
\a cdsLibManager->cellLineEdit->value = "gated_sr_latch"
\a cdsLibManager->cellListBox->value = "gil_cell_mixer"
\a cdsLibManager->viewListBox->value = "schematic"
\a cdsLibManager->viewLineEdit->value = "schematic"
\a nrListItemAction(cdsLibManager->cellListBox 1 0)
\a cdsLibManager->viewLineEdit->value = ""
\a cdsLibManager->viewListBox->value = nil
\o MPS request: edit design
\a cdsLibManager->cellLineEdit->value = "gil_cell_mixer"
\a nrSetCurrentWindow(cdsLibManager)
\a lmgrLogShowPopup("mainListPopup1" 78 21 2 "gil_cell_mixer")
\a cdsLibManager->copySimpleButton->value = t
\a basicCopyForm->CategoryCellsEdit->value = "*"
\a basicCopyForm->CellsSkipLibraries->value = t
\a basicCopyForm->CellsSkipLibrariesEdit->value = "*"
\a basicCopyForm->CellsSkipLibrariesEdit->value = "*"
\a basicCopyForm->ViewsSkipLibraries->value = t
\a basicCopyForm->ViewsSkipLibrariesEdit->value = "*"
\a basicCopyForm->CopyFromLibrary->value = "ECEC471_Lib"
\a basicCopyForm->CopyToLibrary->value = "ECEC471_Lib"
\a basicCopyForm->CopyFromLibrary->value = "ECEC472_Lib"
\a basicCopyForm->CopyFromCell->value = "gil_cell_mixer"
\a basicCopyForm->CopyToLibrary->value = "ECEC472_Lib"
\a basicCopyForm->CopyToCell->value = "gil_cell_mixer"
\a basicCopyForm->CellsViewsToCopy->value = "layout schematic symbol"
\a basicCopyForm->CellsSkipLibrariesEdit->value = ""
\a basicCopyForm->CellsSkipLibrariesEdit->value = "ECEC471_Lib LowPowerOpenCellLibrary NCSU_Devices_FreePDK45 NCSU_TechLib_FreePDK45 NangateOpenCellLibrary OSU_TechLib_FreePDK45 US_8ths analogLib avTech basic cdsDefTechLib"
\a basicCopyForm->ViewsSkipLibrariesEdit->value = "ECEC471_Lib LowPowerOpenCellLibrary NCSU_Devices_FreePDK45 NCSU_TechLib_FreePDK45 NangateOpenCellLibrary OSU_TechLib_FreePDK45 US_8ths analogLib avTech basic cdsDefTechLib"
\a nrSetWindowVisibility(basicCopyForm "show")
\a nrSetCurrentWindow(basicCopyForm)
\a nrResizeWindow(basicCopyForm list(812 151 444 618))
\a basicCopyForm->CopyFromCell->value = "gil_cell_mixer_backup"
\a nrDialogAccept(basicCopyForm)
\a basicCopyForm->OK->value = t
\a basicCopyForm->CopyFromCell->value = "gil_cell_mixer_backup"
\o ERROR (CLM-194): The library cell "gil_cell_mixer_backup" doesn't exist.
\a nrSetWindowVisibility(errorDialog "show")
\a nrSetCurrentWindow(errorDialog)
\a nrResizeWindow(errorDialog list(833 386 403 118))
\a basicCopyForm->CellsSkipLibrariesEdit->value = "*"
\a basicCopyForm->CellsSkipLibrariesEdit->value = "ECEC471_Lib LowPowerOpenCellLibrary NCSU_Devices_FreePDK45 NCSU_TechLib_FreePDK45 NangateOpenCellLibrary OSU_TechLib_FreePDK45 US_8ths analogLib avTech basic cdsDefTechLib"
\a nrSetCurrentWindow(basicCopyForm)
\a basicCopyForm->CopyFromCell->value = "gil_cell_mixer"
\a basicCopyForm->CopyToCell->value = "gil_cell_mixer_bak"
\a nrDialogAccept(basicCopyForm)
\a basicCopyForm->OK->value = t
\a basicCopyForm->CopyToCell->value = "gil_cell_mixer_bak"
\o Beginning simple copy to library "ECEC472_Lib".
\o Processing files to be copied...
\a nrSetWindowVisibility(workingDialogForm "show")
\a nrSetCurrentWindow(workingDialogForm)
\a nrSetWindowVisibility(workingDialogForm "show")
\a nrSetCurrentWindow(basicCopyForm)
\a nrSetCurrentWindow(cdsLibManager)
\a nrSetCurrentWindow(workingDialogForm)
\a nrResizeWindow(workingDialogForm list(889 410 296 129))
\a cdsLibManager->libListBox->value = nil
\a cdsLibManager->cellListBox->value = nil
\a cdsLibManager->cellLineEdit->value = ""
\a cdsLibManager->libLineEdit->value = ""
\a cdsLibManager->libListBox->value = "ECEC472_Lib"
\a cdsLibManager->libLineEdit->value = "ECEC472_Lib"
\a cdsLibManager->cellListBox->value = "gil_cell_mixer"
\a cdsLibManager->cellLineEdit->value = "gil_cell_mixer"
\a cdsLibManager->viewListBox->value = "schematic"
\a cdsLibManager->viewLineEdit->value = "schematic"
\a cdsLibManager->viewLineEdit->value = ""
\a cdsLibManager->viewListBox->value = nil
\a cdsLibManager->viewListBox->value = "schematic"
\a cdsLibManager->viewLineEdit->value = "schematic"
\a cdsLibManager->viewLineEdit->value = ""
\a cdsLibManager->viewListBox->value = nil
\a basicCopyForm->CellsSkipLibrariesEdit->value = "*"
\a basicCopyForm->CellsSkipLibrariesEdit->value = "ECEC471_Lib LowPowerOpenCellLibrary NCSU_Devices_FreePDK45 NCSU_TechLib_FreePDK45 NangateOpenCellLibrary OSU_TechLib_FreePDK45 US_8ths analogLib avTech basic cdsDefTechLib"
\a nrSetCurrentWindow(cdsLibManager)
\a nrSetCurrentWindow(cdsLibManager)
\a cdsLibManager->cellListBox->value = "sim_gil_cell_mixer"
\a cdsLibManager->viewListBox->value = "schematic"
\a cdsLibManager->viewLineEdit->value = "schematic"
\a nrListItemAction(cdsLibManager->cellListBox 6 0)
\a cdsLibManager->viewLineEdit->value = ""
\a cdsLibManager->viewListBox->value = nil
\o MPS request: edit design
\a cdsLibManager->cellLineEdit->value = "sim_gil_cell_mixer"
\a nrSetCurrentWindow(cdsLibManager)
\a cdsLibManager->cellListBox->value = nil
\a lmgrLogShowPopup("mainListPopup1" 65 207 2 "")
\a cdsLibManager->cellLineEdit->value = ""
\a cdsLibManager->FileNewCVButton->value = t
\a nrSetCurrentWindow(cdsLibManager)
\a cdsLibManager->FileNewCVButton->value = t
\a nrSetCurrentWindow(cdsLibManager)
\a nrSetCurrentWindow(cdsLibManager)
\a cdsLibManager->cellListBox->value = "counter"
\a cdsLibManager->viewListBox->value = "schematic"
\a cdsLibManager->viewLineEdit->value = "schematic"
\a cdsLibManager->cellListBox->value = "JKDFF"
\a cdsLibManager->viewLineEdit->value = ""
\a cdsLibManager->viewListBox->value = nil
\a cdsLibManager->libListBox->value = nil
\a cdsLibManager->cellListBox->value = nil
\a cdsLibManager->libLineEdit->value = ""
\a cdsLibManager->libListBox->value = "ECEC472_Lib"
\a cdsLibManager->libLineEdit->value = "ECEC472_Lib"
\o DB was auto refreshed.
\a cdsLibManager->cellListBox->value = "counter"
\a cdsLibManager->viewListBox->value = "schematic"
\a cdsLibManager->viewLineEdit->value = "schematic"
\a cdsLibManager->viewLineEdit->value = ""
\a cdsLibManager->viewListBox->value = nil
\a lmgrLogShowPopup("mainListPopup1" 19 8 2 "counter")
\a cdsLibManager->cellLineEdit->value = "counter"
\a cdsLibManager->FileNewCVButton->value = t
\a nrSetCurrentWindow(cdsLibManager)
\a nrSetCurrentWindow(cdsLibManager)
\a nrSetCurrentWindow(cdsLibManager)
\a cdsLibManager->FileNewCVButton->value = t
\a nrSetCurrentWindow(cdsLibManager)
\a nrSetCurrentWindow(cdsLibManager)
\a _lmgrCloseIconify("cdsLibManager" 1)
\o MPS service: shutdown
\o libManager is exiting.
\a nrSetWindowVisibility(cdsLibManager "hide")
\a exit(0)
